2021-09-05 16:33:08.711  INFO 17952 --- [main] c.b.p.PassengerServiceApplication        : Starting PassengerServiceApplication using Java 1.8.0_292 on ZayTechs-MBP-2 with PID 17952 (/Users/zaytech/git/Black-Dave/passenger_service/target/classes started by zaytech in /Users/zaytech/git/Black-Dave/passenger_service)
2021-09-05 16:33:08.732  INFO 17952 --- [main] c.b.p.PassengerServiceApplication        : No active profile set, falling back to default profiles: default
2021-09-05 16:33:09.779  INFO 17952 --- [main] .s.d.r.c.RepositoryConfigurationDelegate : Bootstrapping Spring Data JPA repositories in DEFAULT mode.
2021-09-05 16:33:09.901  INFO 17952 --- [main] .s.d.r.c.RepositoryConfigurationDelegate : Finished Spring Data repository scanning in 103 ms. Found 1 JPA repository interfaces.
2021-09-05 16:33:11.698  INFO 17952 --- [main] o.s.b.w.embedded.tomcat.TomcatWebServer  : Tomcat initialized with port(s): 8006 (http)
2021-09-05 16:33:11.722  INFO 17952 --- [main] o.apache.catalina.core.StandardService   : Starting service [Tomcat]
2021-09-05 16:33:11.771  INFO 17952 --- [main] org.apache.catalina.core.StandardEngine  : Starting Servlet engine: [Apache Tomcat/9.0.44]
2021-09-05 16:33:12.138  INFO 17952 --- [main] o.a.c.c.C.[Tomcat].[localhost].[/]       : Initializing Spring embedded WebApplicationContext
2021-09-05 16:33:12.139  INFO 17952 --- [main] w.s.c.ServletWebServerApplicationContext : Root WebApplicationContext: initialization completed in 3344 ms
2021-09-05 16:33:12.717  INFO 17952 --- [main] o.hibernate.jpa.internal.util.LogHelper  : HHH000204: Processing PersistenceUnitInfo [name: default]
2021-09-05 16:33:12.868  INFO 17952 --- [main] org.hibernate.Version                    : HHH000412: Hibernate ORM core version 5.4.29.Final
2021-09-05 16:33:13.247  INFO 17952 --- [main] o.hibernate.annotations.common.Version   : HCANN000001: Hibernate Commons Annotations {5.1.2.Final}
2021-09-05 16:33:13.424  INFO 17952 --- [main] com.zaxxer.hikari.HikariDataSource       : HikariPool-1 - Starting...
2021-09-05 16:33:13.756  INFO 17952 --- [main] com.zaxxer.hikari.HikariDataSource       : HikariPool-1 - Start completed.
2021-09-05 16:33:13.788  INFO 17952 --- [main] org.hibernate.dialect.Dialect            : HHH000400: Using dialect: org.hibernate.dialect.MySQL5InnoDBDialect
2021-09-05 16:33:14.816  INFO 17952 --- [main] o.h.e.t.j.p.i.JtaPlatformInitiator       : HHH000490: Using JtaPlatform implementation: [org.hibernate.engine.transaction.jta.platform.internal.NoJtaPlatform]
2021-09-05 16:33:14.829  INFO 17952 --- [main] j.LocalContainerEntityManagerFactoryBean : Initialized JPA EntityManagerFactory for persistence unit 'default'
2021-09-05 16:33:15.592  WARN 17952 --- [main] JpaBaseConfiguration$JpaWebConfiguration : spring.jpa.open-in-view is enabled by default. Therefore, database queries may be performed during view rendering. Explicitly configure spring.jpa.open-in-view to disable this warning
2021-09-05 16:33:15.758  INFO 17952 --- [main] o.s.s.concurrent.ThreadPoolTaskExecutor  : Initializing ExecutorService 'applicationTaskExecutor'
2021-09-05 16:33:16.157  INFO 17952 --- [main] o.s.b.w.embedded.tomcat.TomcatWebServer  : Tomcat started on port(s): 8006 (http) with context path ''
2021-09-05 16:33:16.167  INFO 17952 --- [main] c.b.p.PassengerServiceApplication        : Started PassengerServiceApplication in 8.148 seconds (JVM running for 9.285)
2021-09-05 16:35:58.858  INFO 17952 --- [http-nio-8006-exec-1] o.a.c.c.C.[Tomcat].[localhost].[/]       : Initializing Spring DispatcherServlet 'dispatcherServlet'
2021-09-05 16:35:58.859  INFO 17952 --- [http-nio-8006-exec-1] o.s.web.servlet.DispatcherServlet        : Initializing Servlet 'dispatcherServlet'
2021-09-05 16:35:58.861  INFO 17952 --- [http-nio-8006-exec-1] o.s.web.servlet.DispatcherServlet        : Completed initialization in 2 ms
2021-09-05 16:53:06.793  WARN 17952 --- [HikariPool-1 housekeeper] com.zaxxer.hikari.pool.HikariPool        : HikariPool-1 - Thread starvation or clock leap detected (housekeeper delta=5m22s759ms).
2021-09-05 17:10:24.352  WARN 17952 --- [HikariPool-1 housekeeper] com.zaxxer.hikari.pool.HikariPool        : HikariPool-1 - Thread starvation or clock leap detected (housekeeper delta=1m47s325ms).
2021-09-05 17:38:01.053  WARN 17952 --- [HikariPool-1 housekeeper] com.zaxxer.hikari.pool.HikariPool        : HikariPool-1 - Thread starvation or clock leap detected (housekeeper delta=19m6s139ms).
2021-09-05 17:51:26.765  WARN 17952 --- [HikariPool-1 housekeeper] com.zaxxer.hikari.pool.HikariPool        : HikariPool-1 - Thread starvation or clock leap detected (housekeeper delta=4m55s575ms).
2021-09-05 20:47:50.723  WARN 17952 --- [HikariPool-1 housekeeper] com.zaxxer.hikari.pool.HikariPool        : HikariPool-1 - Thread starvation or clock leap detected (housekeeper delta=2h55m53s739ms).
2021-09-05 20:50:23.034  WARN 17952 --- [HikariPool-1 housekeeper] com.zaxxer.hikari.pool.HikariPool        : HikariPool-1 - Thread starvation or clock leap detected (housekeeper delta=1m2s226ms).
2021-09-05 20:50:45.380  INFO 17952 --- [SpringContextShutdownHook] o.s.s.concurrent.ThreadPoolTaskExecutor  : Shutting down ExecutorService 'applicationTaskExecutor'
2021-09-05 20:50:45.383  INFO 17952 --- [SpringContextShutdownHook] j.LocalContainerEntityManagerFactoryBean : Closing JPA EntityManagerFactory for persistence unit 'default'
2021-09-05 20:50:45.415  INFO 17952 --- [SpringContextShutdownHook] com.zaxxer.hikari.HikariDataSource       : HikariPool-1 - Shutdown initiated...
2021-09-05 20:50:45.427  INFO 17952 --- [SpringContextShutdownHook] com.zaxxer.hikari.HikariDataSource       : HikariPool-1 - Shutdown completed.
