2021-09-05 16:33:18.071  INFO 17959 --- [main] c.b.s.SalesServiceApplication            : Starting SalesServiceApplication using Java 1.8.0_292 on ZayTechs-MBP-2 with PID 17959 (/Users/zaytech/git/Black-Dave/sales_service/target/classes started by zaytech in /Users/zaytech/git/Black-Dave/sales_service)
2021-09-05 16:33:18.091  INFO 17959 --- [main] c.b.s.SalesServiceApplication            : No active profile set, falling back to default profiles: default
2021-09-05 16:33:18.758  INFO 17959 --- [main] .s.d.r.c.RepositoryConfigurationDelegate : Bootstrapping Spring Data JPA repositories in DEFAULT mode.
2021-09-05 16:33:18.815  INFO 17959 --- [main] .s.d.r.c.RepositoryConfigurationDelegate : Finished Spring Data repository scanning in 43 ms. Found 1 JPA repository interfaces.
2021-09-05 16:33:19.350  INFO 17959 --- [main] o.s.b.w.embedded.tomcat.TomcatWebServer  : Tomcat initialized with port(s): 8003 (http)
2021-09-05 16:33:19.364  INFO 17959 --- [main] o.apache.catalina.core.StandardService   : Starting service [Tomcat]
2021-09-05 16:33:19.365  INFO 17959 --- [main] org.apache.catalina.core.StandardEngine  : Starting Servlet engine: [Apache Tomcat/9.0.41]
2021-09-05 16:33:19.441  INFO 17959 --- [main] o.a.c.c.C.[Tomcat].[localhost].[/]       : Initializing Spring embedded WebApplicationContext
2021-09-05 16:33:19.441  INFO 17959 --- [main] w.s.c.ServletWebServerApplicationContext : Root WebApplicationContext: initialization completed in 1276 ms
2021-09-05 16:33:19.625  INFO 17959 --- [main] o.hibernate.jpa.internal.util.LogHelper  : HHH000204: Processing PersistenceUnitInfo [name: default]
2021-09-05 16:33:19.661  INFO 17959 --- [main] org.hibernate.Version                    : HHH000412: Hibernate ORM core version 5.4.25.Final
2021-09-05 16:33:19.839  INFO 17959 --- [main] o.hibernate.annotations.common.Version   : HCANN000001: Hibernate Commons Annotations {5.1.2.Final}
2021-09-05 16:33:19.916  INFO 17959 --- [main] com.zaxxer.hikari.HikariDataSource       : HikariPool-1 - Starting...
2021-09-05 16:33:20.095  INFO 17959 --- [main] com.zaxxer.hikari.HikariDataSource       : HikariPool-1 - Start completed.
2021-09-05 16:33:20.112  INFO 17959 --- [main] org.hibernate.dialect.Dialect            : HHH000400: Using dialect: org.hibernate.dialect.MySQL5InnoDBDialect
2021-09-05 16:33:20.693  INFO 17959 --- [main] o.h.e.t.j.p.i.JtaPlatformInitiator       : HHH000490: Using JtaPlatform implementation: [org.hibernate.engine.transaction.jta.platform.internal.NoJtaPlatform]
2021-09-05 16:33:20.701  INFO 17959 --- [main] j.LocalContainerEntityManagerFactoryBean : Initialized JPA EntityManagerFactory for persistence unit 'default'
2021-09-05 16:33:21.162  WARN 17959 --- [main] JpaBaseConfiguration$JpaWebConfiguration : spring.jpa.open-in-view is enabled by default. Therefore, database queries may be performed during view rendering. Explicitly configure spring.jpa.open-in-view to disable this warning
2021-09-05 16:33:21.300  INFO 17959 --- [main] o.s.s.concurrent.ThreadPoolTaskExecutor  : Initializing ExecutorService 'applicationTaskExecutor'
2021-09-05 16:33:21.655  INFO 17959 --- [main] o.s.b.w.embedded.tomcat.TomcatWebServer  : Tomcat started on port(s): 8003 (http) with context path ''
2021-09-05 16:33:21.666  INFO 17959 --- [main] c.b.s.SalesServiceApplication            : Started SalesServiceApplication in 3.963 seconds (JVM running for 4.462)
2021-09-05 16:52:42.723  WARN 17959 --- [HikariPool-1 housekeeper] com.zaxxer.hikari.pool.HikariPool        : HikariPool-1 - Thread starvation or clock leap detected (housekeeper delta=5m22s348ms).
2021-09-05 17:10:31.167  WARN 17959 --- [HikariPool-1 housekeeper] com.zaxxer.hikari.pool.HikariPool        : HikariPool-1 - Thread starvation or clock leap detected (housekeeper delta=1m47s775ms).
2021-09-05 17:38:07.409  WARN 17959 --- [HikariPool-1 housekeeper] com.zaxxer.hikari.pool.HikariPool        : HikariPool-1 - Thread starvation or clock leap detected (housekeeper delta=19m6s139ms).
2021-09-05 17:51:33.128  WARN 17959 --- [HikariPool-1 housekeeper] com.zaxxer.hikari.pool.HikariPool        : HikariPool-1 - Thread starvation or clock leap detected (housekeeper delta=4m55s578ms).
2021-09-05 20:46:52.035  WARN 17959 --- [HikariPool-1 housekeeper] com.zaxxer.hikari.pool.HikariPool        : HikariPool-1 - Thread starvation or clock leap detected (housekeeper delta=2h55m18s907ms).
2021-09-05 20:47:55.388  WARN 17959 --- [HikariPool-1 housekeeper] com.zaxxer.hikari.pool.HikariPool        : HikariPool-1 - Thread starvation or clock leap detected (housekeeper delta=1m3s342ms).
2021-09-05 20:50:27.660  WARN 17959 --- [HikariPool-1 housekeeper] com.zaxxer.hikari.pool.HikariPool        : HikariPool-1 - Thread starvation or clock leap detected (housekeeper delta=1m2s222ms).
2021-09-05 20:50:45.407  INFO 17959 --- [SpringContextShutdownHook] o.s.s.concurrent.ThreadPoolTaskExecutor  : Shutting down ExecutorService 'applicationTaskExecutor'
2021-09-05 20:50:45.410  INFO 17959 --- [SpringContextShutdownHook] j.LocalContainerEntityManagerFactoryBean : Closing JPA EntityManagerFactory for persistence unit 'default'
2021-09-05 20:50:45.439  INFO 17959 --- [SpringContextShutdownHook] com.zaxxer.hikari.HikariDataSource       : HikariPool-1 - Shutdown initiated...
2021-09-05 20:50:45.460  INFO 17959 --- [SpringContextShutdownHook] com.zaxxer.hikari.HikariDataSource       : HikariPool-1 - Shutdown completed.
